<?xml version="1.0" encoding="UTF-8"?>
<!-- Generated by org.testng.reporters.JUnitXMLReporter -->
<testsuite hostname="XXX" name="AcceptanceTests" tests="14" failures="0" timestamp="11 May 2013 20:40:40 GMT" time="0.172" errors="0">
  <testcase name="isLocalTAFEnvOK" time="0.0" classname="com.organization.automation.project.spice.mix.testng.extension.aop.spring.InitializationTests_TestSet"/>
  <testcase name="testBigIntegerAssert_bigNumbersCase" time="0.0" classname="com.organization.automation.project.spice.mix.testng.extension.assertions.CustomAssertUnitTests"/>
  <testcase name="testBigIntegerAssert_bigNumbersEqualObjectCase" time="0.0" classname="com.organization.automation.project.spice.mix.testng.extension.assertions.CustomAssertUnitTests"/>
  <testcase name="testBigIntegerAssert_bigNumbersLessCase" time="0.0" classname="com.organization.automation.project.spice.mix.testng.extension.assertions.CustomAssertUnitTests"/>
  <testcase name="testBigIntegerAssert_bigNumbersMoreCase" time="0.0" classname="com.organization.automation.project.spice.mix.testng.extension.assertions.CustomAssertUnitTests"/>
  <testcase name="testBigIntegerAssert_mixNumbersLessCase" time="0.0" classname="com.organization.automation.project.spice.mix.testng.extension.assertions.CustomAssertUnitTests"/>
  <testcase name="testBigIntegerAssert_mixNumbersMoreCase" time="0.0" classname="com.organization.automation.project.spice.mix.testng.extension.assertions.CustomAssertUnitTests"/>
  <testcase name="testBigIntegerAssert_smallNumbersCase" time="0.0" classname="com.organization.automation.project.spice.mix.testng.extension.assertions.CustomAssertUnitTests"/>
  <testcase name="testBigIntegerAssert_smallNumbersLessCase" time="0.0" classname="com.organization.automation.project.spice.mix.testng.extension.assertions.CustomAssertUnitTests"/>
  <testcase name="testBigIntegerAssert_smallNumbersMoreCase" time="0.0" classname="com.organization.automation.project.spice.mix.testng.extension.assertions.CustomAssertUnitTests"/>
  <testcase name="testBigIntegerAssert_smallNumbersNegativeCase" time="0.0" classname="com.organization.automation.project.spice.mix.testng.extension.assertions.CustomAssertUnitTests"/>
  <testcase name="isQAEnvOK" time="0.0" classname="com.organization.automation.project.spice.mix.testng.extension.aop.spring.InitializationTests_TestSet"/>
  <testcase name="testAspectJProxy_PositiveCase" time="0.032" classname="com.organization.automation.project.spice.mix.testng.extension.aop.spring.AspectJProxyUnitTests"/>
  <testcase name="testAspectJProxy_PositiveCaseWithConstructorParameter" time="0.015" classname="com.organization.automation.project.spice.mix.testng.extension.aop.spring.AspectJProxyUnitTests"/>
</testsuite> <!-- AcceptanceTests -->
